<?xml version="1.0" encoding="UTF-8"?>
<!-- Generated by org.testng.reporters.JUnitReportReporter -->
<testsuite skipped="0" hostname="DESKTOP-BJTURSU" name="script.ValidLogin_Test" tests="1" failures="0" timestamp="30 May 2019 02:47:24 GMT" time="13.665" errors="0">
  <testcase name="testValidLogin" time="13.665" classname="script.ValidLogin_Test"/>
</testsuite> <!-- script.ValidLogin_Test -->
