<?xml version="1.0" encoding="UTF-8"?>
<!-- Generated by org.testng.reporters.JUnitReportReporter -->
<testsuite skipped="0" hostname="BLRIDC30195282" name="script.InvalidLogin_Test" tests="1" failures="0" timestamp="17 Oct 2018 03:55:10 GMT" time="29.948" errors="0">
  <testcase name="testInvalidLogin" time="29.948" classname="script.InvalidLogin_Test"/>
</testsuite> <!-- script.InvalidLogin_Test -->
