<?xml version="1.0" encoding="UTF-8"?>
<!-- Generated by org.testng.reporters.JUnitReportReporter -->
<testsuite skipped="0" hostname="DESKTOP-1JFO5LO" name="script.ValidLogin_Test" tests="1" failures="0" timestamp="21 Feb 2021 04:20:50 GMT" time="58.518" errors="0">
  <testcase name="testValidLogin" time="58.518" classname="script.ValidLogin_Test"/>
</testsuite> <!-- script.ValidLogin_Test -->
