<?xml version="1.0" encoding="UTF-8"?>
<!-- Generated by org.testng.reporters.JUnitReportReporter -->
<testsuite skipped="0" hostname="DESKTOP-1JFO5LO" name="script.InvalidLogin_Test" tests="1" failures="0" timestamp="30 Nov 2019 10:42:11 GMT" time="34.610" errors="0">
  <testcase name="testInvalidLogin" time="34.610" classname="script.InvalidLogin_Test"/>
</testsuite> <!-- script.InvalidLogin_Test -->
