<?xml version="1.0" encoding="UTF-8"?>
<!-- Generated by org.testng.reporters.JUnitReportReporter -->
<testsuite skipped="0" hostname="DESKTOP-1JFO5LO" name="script.ValidLogin_Test" tests="1" failures="0" timestamp="18 May 2021 04:54:20 GMT" time="54.598" errors="0">
  <testcase name="testValidLogin" time="54.598" classname="script.ValidLogin_Test"/>
</testsuite> <!-- script.ValidLogin_Test -->
