<?xml version="1.0" encoding="UTF-8"?>
<!-- Generated by org.testng.reporters.JUnitReportReporter -->
<testsuite skipped="0" hostname="BLRIDC30195282" name="script.ValidLogin_Test" tests="1" failures="0" timestamp="02 Apr 2019 03:12:25 GMT" time="34.290" errors="0">
  <testcase name="testValidLogin" time="34.290" classname="script.ValidLogin_Test"/>
</testsuite> <!-- script.ValidLogin_Test -->
