<?xml version="1.0" encoding="UTF-8"?>
<!-- Generated by org.testng.reporters.JUnitReportReporter -->
<testsuite skipped="0" hostname="DESKTOP-BJTURSU" name="script.ValidLogin_Test" tests="1" failures="0" timestamp="01 Sep 2019 04:17:03 GMT" time="30.791" errors="0">
  <testcase name="testValidLogin" time="30.791" classname="script.ValidLogin_Test"/>
</testsuite> <!-- script.ValidLogin_Test -->
