<?xml version="1.0" encoding="UTF-8"?>
<!-- Generated by org.testng.reporters.JUnitReportReporter -->
<testsuite skipped="0" hostname="BLRIDC30195282" name="script.VerifyProductVersion_Test" tests="1" failures="0" timestamp="24 Mar 2019 02:41:30 GMT" time="19.169" errors="0">
  <testcase name="testProductVerson" time="19.169" classname="script.VerifyProductVersion_Test"/>
</testsuite> <!-- script.VerifyProductVersion_Test -->
