<?xml version="1.0" encoding="UTF-8"?>
<!-- Generated by org.testng.reporters.JUnitReportReporter -->
<testsuite skipped="0" hostname="BLRIDC30195282" name="script.ValidLogin_Test" tests="1" failures="0" timestamp="24 Mar 2019 02:41:30 GMT" time="33.508" errors="0">
  <testcase name="testValidLogin" time="33.508" classname="script.ValidLogin_Test"/>
</testsuite> <!-- script.ValidLogin_Test -->
