<?xml version="1.0" encoding="UTF-8"?>
<!-- Generated by org.testng.reporters.JUnitReportReporter -->
<testsuite skipped="0" hostname="DESKTOP-1JFO5LO" name="script.ValidLogin_Test" tests="1" failures="0" timestamp="24 Apr 2021 02:16:23 GMT" time="66.701" errors="0">
  <testcase name="testValidLogin" time="66.701" classname="script.ValidLogin_Test"/>
</testsuite> <!-- script.ValidLogin_Test -->
