<?xml version="1.0" encoding="UTF-8"?>
<!-- Generated by org.testng.reporters.JUnitReportReporter -->
<testsuite skipped="0" hostname="DESKTOP-BJTURSU" name="script.VerifyProductVersion_Test" tests="1" failures="0" timestamp="01 Sep 2019 04:17:03 GMT" time="13.666" errors="0">
  <testcase name="testProductVerson" time="13.666" classname="script.VerifyProductVersion_Test"/>
</testsuite> <!-- script.VerifyProductVersion_Test -->
