<?xml version="1.0" encoding="UTF-8"?>
<!-- Generated by org.testng.reporters.JUnitReportReporter -->
<testsuite skipped="0" hostname="DESKTOP-1JFO5LO" name="script.VerifyProductVersion_Test" tests="1" failures="0" timestamp="18 Jun 2021 03:40:19 GMT" time="35.446" errors="0">
  <testcase name="testProductVerson" time="35.446" classname="script.VerifyProductVersion_Test"/>
</testsuite> <!-- script.VerifyProductVersion_Test -->
