<?xml version="1.0" encoding="UTF-8"?>
<!-- Generated by org.testng.reporters.JUnitReportReporter -->
<testsuite skipped="0" hostname="DESKTOP-1JFO5LO" name="script.InvalidLogin_Test" tests="1" failures="0" timestamp="15 Feb 2020 06:19:22 GMT" time="34.329" errors="0">
  <testcase name="testInvalidLogin" time="34.329" classname="script.InvalidLogin_Test"/>
</testsuite> <!-- script.InvalidLogin_Test -->
