<?xml version="1.0" encoding="UTF-8"?>
<!-- Generated by org.testng.reporters.JUnitReportReporter -->
<testsuite skipped="0" hostname="DESKTOP-BJTURSU" name="script.InvalidLogin_Test" tests="1" failures="0" timestamp="01 Sep 2019 04:17:03 GMT" time="25.682" errors="0">
  <testcase name="testInvalidLogin" time="25.682" classname="script.InvalidLogin_Test"/>
</testsuite> <!-- script.InvalidLogin_Test -->
