<?xml version="1.0" encoding="UTF-8"?>
<!-- Generated by org.testng.reporters.JUnitReportReporter -->
<testsuite skipped="0" hostname="BLRIDC30195282" name="script.VerifyProductVersion_Test" tests="1" failures="0" timestamp="27 Nov 2018 03:08:27 GMT" time="17.388" errors="0">
  <testcase name="testProductVerson" time="17.388" classname="script.VerifyProductVersion_Test"/>
</testsuite> <!-- script.VerifyProductVersion_Test -->
