<?xml version="1.0" encoding="UTF-8"?>
<!-- Generated by org.testng.reporters.JUnitReportReporter -->
<testsuite skipped="0" hostname="DESKTOP-1JFO5LO" name="script.ValidLogin_Test" tests="1" failures="0" timestamp="29 Jun 2021 03:19:16 GMT" time="46.221" errors="0">
  <testcase name="testValidLogin" time="46.221" classname="script.ValidLogin_Test"/>
</testsuite> <!-- script.ValidLogin_Test -->
