<?xml version="1.0" encoding="UTF-8"?>
<!-- Generated by org.testng.reporters.JUnitReportReporter -->
<testsuite skipped="0" hostname="DESKTOP-1JFO5LO" name="script.ValidLogin_Test" tests="1" failures="0" timestamp="03 May 2021 06:28:54 GMT" time="50.260" errors="0">
  <testcase name="testValidLogin" time="50.260" classname="script.ValidLogin_Test"/>
</testsuite> <!-- script.ValidLogin_Test -->
