<?xml version="1.0" encoding="UTF-8"?>
<!-- Generated by org.testng.reporters.JUnitReportReporter -->
<testsuite skipped="0" hostname="DESKTOP-BJTURSU" name="script.ValidLogin_Test" tests="1" failures="0" timestamp="11 Aug 2019 03:50:11 GMT" time="38.511" errors="0">
  <testcase name="testValidLogin" time="38.511" classname="script.ValidLogin_Test"/>
</testsuite> <!-- script.ValidLogin_Test -->
