<?xml version="1.0" encoding="UTF-8"?>
<!-- Generated by org.testng.reporters.JUnitReportReporter -->
<testsuite skipped="0" hostname="BLRIDC30195282" name="script.VerifyProductVersion_Test" tests="1" failures="0" timestamp="27 Oct 2018 03:51:54 GMT" time="18.584" errors="0">
  <testcase name="testProductVerson" time="18.584" classname="script.VerifyProductVersion_Test"/>
</testsuite> <!-- script.VerifyProductVersion_Test -->
