<?xml version="1.0" encoding="UTF-8"?>
<!-- Generated by org.testng.reporters.JUnitReportReporter -->
<testsuite skipped="0" hostname="DESKTOP-1JFO5LO" name="script.ValidLogin_Test" tests="1" failures="0" timestamp="22 Dec 2019 04:44:41 GMT" time="41.935" errors="0">
  <testcase name="testValidLogin" time="41.935" classname="script.ValidLogin_Test"/>
</testsuite> <!-- script.ValidLogin_Test -->
