<?xml version="1.0" encoding="UTF-8"?>
<!-- Generated by org.testng.reporters.JUnitReportReporter -->
<testsuite skipped="0" hostname="DESKTOP-1JFO5LO" name="script.InvalidLogin_Test" tests="1" failures="0" timestamp="01 Feb 2020 07:24:09 GMT" time="31.840" errors="0">
  <testcase name="testInvalidLogin" time="31.840" classname="script.InvalidLogin_Test"/>
</testsuite> <!-- script.InvalidLogin_Test -->
