<?xml version="1.0" encoding="UTF-8"?>
<!-- Generated by org.testng.reporters.JUnitReportReporter -->
<testsuite skipped="0" hostname="DESKTOP-1JFO5LO" name="script.ValidLogin_Test" tests="1" failures="0" timestamp="02 Apr 2021 13:20:26 GMT" time="30.716" errors="0">
  <testcase name="testValidLogin" time="30.716" classname="script.ValidLogin_Test"/>
</testsuite> <!-- script.ValidLogin_Test -->
