<?xml version="1.0" encoding="UTF-8"?>
<!-- Generated by org.testng.reporters.JUnitReportReporter -->
<testsuite skipped="0" hostname="DESKTOP-1JFO5LO" name="script.ValidLogin_Test" tests="1" failures="0" timestamp="18 Jun 2021 03:40:20 GMT" time="64.798" errors="0">
  <testcase name="testValidLogin" time="64.798" classname="script.ValidLogin_Test"/>
</testsuite> <!-- script.ValidLogin_Test -->
