<?xml version="1.0" encoding="UTF-8"?>
<!-- Generated by org.testng.reporters.JUnitReportReporter -->
<testsuite skipped="0" hostname="BLRIDC30195282" name="script.InvalidLogin_Test" tests="1" failures="0" timestamp="27 Oct 2018 03:51:54 GMT" time="27.947" errors="0">
  <testcase name="testInvalidLogin" time="27.947" classname="script.InvalidLogin_Test"/>
</testsuite> <!-- script.InvalidLogin_Test -->
