<?xml version="1.0" encoding="UTF-8"?>
<!-- Generated by org.testng.reporters.JUnitReportReporter -->
<testsuite skipped="0" hostname="DESKTOP-1JFO5LO" name="script.VerifyProductVersion_Test" tests="1" failures="0" timestamp="15 Jun 2020 07:00:21 GMT" time="17.051" errors="0">
  <testcase name="testProductVerson" time="17.051" classname="script.VerifyProductVersion_Test"/>
</testsuite> <!-- script.VerifyProductVersion_Test -->
