<?xml version="1.0" encoding="UTF-8"?>
<!-- Generated by org.testng.reporters.JUnitReportReporter -->
<testsuite skipped="0" hostname="DESKTOP-1JFO5LO" name="script.VerifyProductVersion_Test" tests="1" failures="0" timestamp="31 Oct 2019 02:08:13 GMT" time="13.264" errors="0">
  <testcase name="testProductVerson" time="13.264" classname="script.VerifyProductVersion_Test"/>
</testsuite> <!-- script.VerifyProductVersion_Test -->
