<?xml version="1.0" encoding="UTF-8"?>
<!-- Generated by org.testng.reporters.JUnitReportReporter -->
<testsuite skipped="0" hostname="BLRIDC30195282" name="script.InvalidLogin_Test" tests="1" failures="0" timestamp="02 Apr 2019 03:12:25 GMT" time="30.586" errors="0">
  <testcase name="testInvalidLogin" time="30.586" classname="script.InvalidLogin_Test"/>
</testsuite> <!-- script.InvalidLogin_Test -->
