<?xml version="1.0" encoding="UTF-8"?>
<!-- Generated by org.testng.reporters.JUnitReportReporter -->
<testsuite skipped="0" hostname="DESKTOP-1JFO5LO" name="script.ValidLogin_Test" tests="1" failures="0" timestamp="31 Jan 2021 11:22:34 GMT" time="54.145" errors="0">
  <testcase name="testValidLogin" time="54.145" classname="script.ValidLogin_Test"/>
</testsuite> <!-- script.ValidLogin_Test -->
