<?xml version="1.0" encoding="UTF-8"?>
<!-- Generated by org.testng.reporters.JUnitReportReporter -->
<testsuite skipped="0" hostname="DESKTOP-1JFO5LO" name="script.ValidLogin_Test" tests="1" failures="0" timestamp="31 Oct 2019 02:08:13 GMT" time="23.813" errors="0">
  <testcase name="testValidLogin" time="23.813" classname="script.ValidLogin_Test"/>
</testsuite> <!-- script.ValidLogin_Test -->
