<?xml version="1.0" encoding="UTF-8"?>
<!-- Generated by org.testng.reporters.JUnitReportReporter -->
<testsuite skipped="0" hostname="BLRIDC30195282" name="script.VerifyProductVersion_Test" tests="1" failures="0" timestamp="02 Apr 2019 03:12:25 GMT" time="16.760" errors="0">
  <testcase name="testProductVerson" time="16.760" classname="script.VerifyProductVersion_Test"/>
</testsuite> <!-- script.VerifyProductVersion_Test -->
