<?xml version="1.0" encoding="UTF-8"?>
<!-- Generated by org.testng.reporters.JUnitReportReporter -->
<testsuite skipped="0" hostname="BLRIDC30195282" name="script.ValidLogin_Test" tests="1" failures="0" timestamp="17 Oct 2018 03:55:10 GMT" time="30.110" errors="0">
  <testcase name="testValidLogin" time="30.110" classname="script.ValidLogin_Test"/>
</testsuite> <!-- script.ValidLogin_Test -->
