<?xml version="1.0" encoding="UTF-8"?>
<!-- Generated by org.testng.reporters.JUnitReportReporter -->
<testsuite skipped="0" hostname="DESKTOP-1JFO5LO" name="script.ValidLogin_Test" tests="1" failures="0" timestamp="06 Apr 2021 03:46:38 GMT" time="58.496" errors="0">
  <testcase name="testValidLogin" time="58.496" classname="script.ValidLogin_Test"/>
</testsuite> <!-- script.ValidLogin_Test -->
