<?xml version="1.0" encoding="UTF-8"?>
<!-- Generated by org.testng.reporters.JUnitReportReporter -->
<testsuite skipped="0" hostname="DESKTOP-BJTURSU" name="script.InvalidLogin_Test" tests="1" failures="0" timestamp="11 Aug 2019 03:50:11 GMT" time="51.860" errors="0">
  <testcase name="testInvalidLogin" time="51.860" classname="script.InvalidLogin_Test"/>
</testsuite> <!-- script.InvalidLogin_Test -->
