<?xml version="1.0" encoding="UTF-8"?>
<!-- Generated by org.testng.reporters.JUnitReportReporter -->
<testsuite skipped="0" hostname="DESKTOP-1JFO5LO" name="script.ValidLogin_Test" tests="1" failures="0" timestamp="28 Jun 2021 10:17:57 GMT" time="17.471" errors="0">
  <testcase name="testValidLogin" time="17.471" classname="script.ValidLogin_Test"/>
</testsuite> <!-- script.ValidLogin_Test -->
