<?xml version="1.0" encoding="UTF-8"?>
<!-- Generated by org.testng.reporters.JUnitReportReporter -->
<testsuite skipped="0" hostname="DESKTOP-BJTURSU" name="script.InvalidLogin_Test" tests="1" failures="0" timestamp="02 May 2019 17:24:28 GMT" time="27.086" errors="0">
  <testcase name="testInvalidLogin" time="27.086" classname="script.InvalidLogin_Test"/>
</testsuite> <!-- script.InvalidLogin_Test -->
