<?xml version="1.0" encoding="UTF-8"?>
<!-- Generated by org.testng.reporters.JUnitReportReporter -->
<testsuite skipped="0" hostname="DESKTOP-1JFO5LO" name="script.ValidLogin_Test" tests="1" failures="0" timestamp="31 Dec 2019 03:12:58 GMT" time="49.187" errors="0">
  <testcase name="testValidLogin" time="49.187" classname="script.ValidLogin_Test"/>
</testsuite> <!-- script.ValidLogin_Test -->
