<?xml version="1.0" encoding="UTF-8"?>
<!-- Generated by org.testng.reporters.JUnitReportReporter -->
<testsuite skipped="0" hostname="DESKTOP-1JFO5LO" name="script.VerifyProductVersion_Test" tests="1" failures="0" timestamp="03 May 2021 06:28:54 GMT" time="27.904" errors="0">
  <testcase name="testProductVerson" time="27.904" classname="script.VerifyProductVersion_Test"/>
</testsuite> <!-- script.VerifyProductVersion_Test -->
