<?xml version="1.0" encoding="UTF-8"?>
<!-- Generated by org.testng.reporters.JUnitReportReporter -->
<testsuite skipped="0" hostname="DESKTOP-BJTURSU" name="script.ValidLogin_Test" tests="1" failures="0" timestamp="02 May 2019 17:24:28 GMT" time="33.890" errors="0">
  <testcase name="testValidLogin" time="33.890" classname="script.ValidLogin_Test"/>
</testsuite> <!-- script.ValidLogin_Test -->
