<?xml version="1.0" encoding="UTF-8"?>
<!-- Generated by org.testng.reporters.JUnitReportReporter -->
<testsuite skipped="0" hostname="DESKTOP-BJTURSU" name="script.InvalidLogin_Test" tests="1" failures="0" timestamp="30 May 2019 02:47:24 GMT" time="23.704" errors="0">
  <testcase name="testInvalidLogin" time="23.704" classname="script.InvalidLogin_Test"/>
</testsuite> <!-- script.InvalidLogin_Test -->
