<?xml version="1.0" encoding="UTF-8"?>
<!-- Generated by org.testng.reporters.JUnitReportReporter -->
<testsuite skipped="0" hostname="BLRIDC30195282" name="script.InvalidLogin_Test" tests="1" failures="0" timestamp="24 Mar 2019 02:41:30 GMT" time="31.305" errors="0">
  <testcase name="testInvalidLogin" time="31.305" classname="script.InvalidLogin_Test"/>
</testsuite> <!-- script.InvalidLogin_Test -->
