<?xml version="1.0" encoding="UTF-8"?>
<!-- Generated by org.testng.reporters.JUnitReportReporter -->
<testsuite skipped="0" hostname="DESKTOP-1JFO5LO" name="script.ValidLogin_Test" tests="1" failures="0" timestamp="15 Jun 2020 07:00:21 GMT" time="35.943" errors="0">
  <testcase name="testValidLogin" time="35.943" classname="script.ValidLogin_Test"/>
</testsuite> <!-- script.ValidLogin_Test -->
