<?xml version="1.0" encoding="UTF-8"?>
<!-- Generated by org.testng.reporters.JUnitReportReporter -->
<testsuite hostname="BLRIDC30195282" name="script.ValidLogin_Test" tests="1" failures="0" timestamp="11 Oct 2018 08:38:13 GMT" time="27.360" errors="0">
  <testcase name="testValidLogin" time="27.360" classname="script.ValidLogin_Test"/>
</testsuite> <!-- script.ValidLogin_Test -->
