<?xml version="1.0" encoding="UTF-8"?>
<!-- Generated by org.testng.reporters.JUnitReportReporter -->
<testsuite hostname="BLRIDC30195282" name="script.VerifyProductVersion_Test" tests="1" failures="0" timestamp="11 Oct 2018 08:38:13 GMT" time="18.252" errors="0">
  <testcase name="testProductVerson" time="18.252" classname="script.VerifyProductVersion_Test"/>
</testsuite> <!-- script.VerifyProductVersion_Test -->
